
*** Running vivado
    with args -log lab10.vds -m64 -product Vivado -mode batch -messageDb vivado.pb -notrace -source lab10.tcl



****** Vivado v2022.1 (64-bit)
  **** SW Build 3526262 on Mon Apr 18 15:48:16 MDT 2022
  **** IP Build 3524634 on Mon Apr 18 20:55:01 MDT 2022
    ** Copyright 1986-2022 Xilinx, Inc. All Rights Reserved.

source lab10.tcl -notrace
Command: read_checkpoint -auto_incremental -incremental C:/Users/Shlab_35/Downloads/Lab1000/lab10/lab10.srcs/utils_1/imports/synth_1/lab10.dcp
INFO: [Vivado 12-5825] Read reference checkpoint from C:/Users/Shlab_35/Downloads/Lab1000/lab10/lab10.srcs/utils_1/imports/synth_1/lab10.dcp for incremental synthesis
INFO: [Vivado 12-7989] Please ensure there are no constraint changes
Command: synth_design -top lab10 -part xc7a35ticsg324-1L
Starting synth_design
Attempting to get a license for feature 'Synthesis' and/or device 'xc7a35ti'
INFO: [Common 17-349] Got license for feature 'Synthesis' and/or device 'xc7a35ti'
INFO: [Device 21-403] Loading part xc7a35ticsg324-1L
INFO: [Designutils 20-5440] No compile time benefit to using incremental synthesis; A full resynthesis will be run
INFO: [Designutils 20-4379] Flow is switching to default flow due to incremental criteria not met. If you would like to alter this behaviour and have the flow terminate instead, please set the following parameter config_implementation {autoIncr.Synth.RejectBehavior Terminate}
INFO: [Synth 8-7079] Multithreading enabled for synth_design using a maximum of 2 processes.
INFO: [Synth 8-7078] Launching helper process for spawning children vivado processes
INFO: [Synth 8-7075] Helper process launched with PID 10156
---------------------------------------------------------------------------------
Starting RTL Elaboration : Time (s): cpu = 00:00:05 ; elapsed = 00:00:05 . Memory (MB): peak = 1278.863 ; gain = 0.000
---------------------------------------------------------------------------------
INFO: [Synth 8-6157] synthesizing module 'lab10' [C:/Users/Shlab_35/Downloads/Lab1000/lab10/lab10.srcs/sources_1/lab10.v:23]
INFO: [Synth 8-6157] synthesizing module 'vga_sync' [C:/Users/Shlab_35/Downloads/Lab1000/lab10/lab10.srcs/sources_1/vga_sync.v:19]
INFO: [Synth 8-6155] done synthesizing module 'vga_sync' (0#1) [C:/Users/Shlab_35/Downloads/Lab1000/lab10/lab10.srcs/sources_1/vga_sync.v:19]
INFO: [Synth 8-6157] synthesizing module 'clk_divider' [C:/Users/Shlab_35/Downloads/Lab1000/lab10/lab10.srcs/sources_1/clk_divider.v:21]
	Parameter divider bound to: 2 - type: integer 
INFO: [Synth 8-6155] done synthesizing module 'clk_divider' (0#1) [C:/Users/Shlab_35/Downloads/Lab1000/lab10/lab10.srcs/sources_1/clk_divider.v:21]
INFO: [Synth 8-6157] synthesizing module 'sram' [C:/Users/Shlab_35/Downloads/Lab1000/lab10/lab10.srcs/sources_1/sram.v:8]
	Parameter DATA_WIDTH bound to: 12 - type: integer 
	Parameter ADDR_WIDTH bound to: 18 - type: integer 
	Parameter RAM_SIZE bound to: 76800 - type: integer 
INFO: [Synth 8-3876] $readmem data file 'images.mem' is read successfully [C:/Users/Shlab_35/Downloads/Lab1000/lab10/lab10.srcs/sources_1/sram.v:25]
INFO: [Synth 8-6155] done synthesizing module 'sram' (0#1) [C:/Users/Shlab_35/Downloads/Lab1000/lab10/lab10.srcs/sources_1/sram.v:8]
INFO: [Synth 8-6157] synthesizing module 'sram2' [C:/Users/Shlab_35/Downloads/Lab1000/lab10/lab10.srcs/sources_1/new/sram2.v:8]
	Parameter DATA_WIDTH bound to: 12 - type: integer 
	Parameter ADDR_WIDTH bound to: 18 - type: integer 
	Parameter RAM_SIZE bound to: 22528 - type: integer 
INFO: [Synth 8-3876] $readmem data file 'fish2.mem' is read successfully [C:/Users/Shlab_35/Downloads/Lab1000/lab10/lab10.srcs/sources_1/new/sram2.v:25]
INFO: [Synth 8-6155] done synthesizing module 'sram2' (0#1) [C:/Users/Shlab_35/Downloads/Lab1000/lab10/lab10.srcs/sources_1/new/sram2.v:8]
INFO: [Synth 8-6157] synthesizing module 'sram3' [C:/Users/Shlab_35/Downloads/Lab1000/lab10/lab10.srcs/sources_1/new/sram3.v:8]
	Parameter DATA_WIDTH bound to: 12 - type: integer 
	Parameter ADDR_WIDTH bound to: 18 - type: integer 
	Parameter RAM_SIZE bound to: 16384 - type: integer 
INFO: [Synth 8-3876] $readmem data file 'fish.mem' is read successfully [C:/Users/Shlab_35/Downloads/Lab1000/lab10/lab10.srcs/sources_1/new/sram3.v:25]
INFO: [Synth 8-6155] done synthesizing module 'sram3' (0#1) [C:/Users/Shlab_35/Downloads/Lab1000/lab10/lab10.srcs/sources_1/new/sram3.v:8]
INFO: [Synth 8-6155] done synthesizing module 'lab10' (0#1) [C:/Users/Shlab_35/Downloads/Lab1000/lab10/lab10.srcs/sources_1/lab10.v:23]
WARNING: [Synth 8-3848] Net usr_led in module/entity lab10 does not have driver. [C:/Users/Shlab_35/Downloads/Lab1000/lab10/lab10.srcs/sources_1/lab10.v:27]
WARNING: [Synth 8-7129] Port addr[17] in module sram3 is either unconnected or has no load
WARNING: [Synth 8-7129] Port addr[16] in module sram3 is either unconnected or has no load
WARNING: [Synth 8-7129] Port addr[15] in module sram3 is either unconnected or has no load
WARNING: [Synth 8-7129] Port addr[14] in module sram3 is either unconnected or has no load
WARNING: [Synth 8-7129] Port addr[17] in module sram2 is either unconnected or has no load
WARNING: [Synth 8-7129] Port addr[16] in module sram2 is either unconnected or has no load
WARNING: [Synth 8-7129] Port addr[15] in module sram2 is either unconnected or has no load
WARNING: [Synth 8-7129] Port addr[17] in module sram is either unconnected or has no load
WARNING: [Synth 8-7129] Port usr_led[3] in module lab10 is either unconnected or has no load
WARNING: [Synth 8-7129] Port usr_led[2] in module lab10 is either unconnected or has no load
WARNING: [Synth 8-7129] Port usr_led[1] in module lab10 is either unconnected or has no load
WARNING: [Synth 8-7129] Port usr_led[0] in module lab10 is either unconnected or has no load
WARNING: [Synth 8-7129] Port usr_btn[2] in module lab10 is either unconnected or has no load
WARNING: [Synth 8-7129] Port usr_btn[1] in module lab10 is either unconnected or has no load
WARNING: [Synth 8-7129] Port usr_btn[0] in module lab10 is either unconnected or has no load
---------------------------------------------------------------------------------
Finished RTL Elaboration : Time (s): cpu = 00:00:07 ; elapsed = 00:00:08 . Memory (MB): peak = 1278.863 ; gain = 0.000
---------------------------------------------------------------------------------
---------------------------------------------------------------------------------
Start Handling Custom Attributes
---------------------------------------------------------------------------------
---------------------------------------------------------------------------------
Finished Handling Custom Attributes : Time (s): cpu = 00:00:07 ; elapsed = 00:00:08 . Memory (MB): peak = 1278.863 ; gain = 0.000
---------------------------------------------------------------------------------
---------------------------------------------------------------------------------
Finished RTL Optimization Phase 1 : Time (s): cpu = 00:00:07 ; elapsed = 00:00:08 . Memory (MB): peak = 1278.863 ; gain = 0.000
---------------------------------------------------------------------------------
Netlist sorting complete. Time (s): cpu = 00:00:00 ; elapsed = 00:00:00.008 . Memory (MB): peak = 1278.863 ; gain = 0.000
INFO: [Project 1-570] Preparing netlist for logic optimization

Processing XDC Constraints
Initializing timing engine
Parsing XDC File [C:/Users/Shlab_35/Downloads/Lab1000/lab10/lab10.srcs/constrs_1/lab10.xdc]
Finished Parsing XDC File [C:/Users/Shlab_35/Downloads/Lab1000/lab10/lab10.srcs/constrs_1/lab10.xdc]
INFO: [Project 1-236] Implementation specific constraints were found while reading constraint file [C:/Users/Shlab_35/Downloads/Lab1000/lab10/lab10.srcs/constrs_1/lab10.xdc]. These constraints will be ignored for synthesis but will be used in implementation. Impacted constraints are listed in the file [.Xil/lab10_propImpl.xdc].
Resolution: To avoid this warning, move constraints listed in [.Xil/lab10_propImpl.xdc] to another XDC file and exclude this new file from synthesis with the used_in_synthesis property (File Properties dialog in GUI) and re-run elaboration/synthesis.
Completed Processing XDC Constraints

Netlist sorting complete. Time (s): cpu = 00:00:00 ; elapsed = 00:00:00 . Memory (MB): peak = 1355.008 ; gain = 0.000
INFO: [Project 1-111] Unisim Transformation Summary:
No Unisim elements were transformed.

Constraint Validation Runtime : Time (s): cpu = 00:00:00 ; elapsed = 00:00:00.003 . Memory (MB): peak = 1355.008 ; gain = 0.000
INFO: [Designutils 20-5440] No compile time benefit to using incremental synthesis; A full resynthesis will be run
INFO: [Designutils 20-4379] Flow is switching to default flow due to incremental criteria not met. If you would like to alter this behaviour and have the flow terminate instead, please set the following parameter config_implementation {autoIncr.Synth.RejectBehavior Terminate}
---------------------------------------------------------------------------------
Finished Constraint Validation : Time (s): cpu = 00:00:15 ; elapsed = 00:00:15 . Memory (MB): peak = 1355.008 ; gain = 76.145
---------------------------------------------------------------------------------
---------------------------------------------------------------------------------
Start Loading Part and Timing Information
---------------------------------------------------------------------------------
Loading part: xc7a35ticsg324-1L
---------------------------------------------------------------------------------
Finished Loading Part and Timing Information : Time (s): cpu = 00:00:15 ; elapsed = 00:00:15 . Memory (MB): peak = 1355.008 ; gain = 76.145
---------------------------------------------------------------------------------
---------------------------------------------------------------------------------
Start Applying 'set_property' XDC Constraints
---------------------------------------------------------------------------------
---------------------------------------------------------------------------------
Finished applying 'set_property' XDC Constraints : Time (s): cpu = 00:00:15 ; elapsed = 00:00:15 . Memory (MB): peak = 1355.008 ; gain = 76.145
---------------------------------------------------------------------------------
---------------------------------------------------------------------------------
Finished RTL Optimization Phase 2 : Time (s): cpu = 00:00:15 ; elapsed = 00:00:16 . Memory (MB): peak = 1355.008 ; gain = 76.145
---------------------------------------------------------------------------------
---------------------------------------------------------------------------------
Start RTL Component Statistics 
---------------------------------------------------------------------------------
Detailed RTL Component Info : 
+---Adders : 
	   3 Input   32 Bit       Adders := 2     
	   3 Input   12 Bit       Adders := 2     
	   2 Input   11 Bit       Adders := 2     
	   2 Input   10 Bit       Adders := 2     
	   2 Input    8 Bit       Adders := 1     
+---Registers : 
	               17 Bit    Registers := 1     
	               12 Bit    Registers := 4     
	               10 Bit    Registers := 2     
	                8 Bit    Registers := 1     
	                1 Bit    Registers := 4     
+---RAMs : 
	             900K Bit	(76800 X 12 bit)          RAMs := 1     
	             264K Bit	(22528 X 12 bit)          RAMs := 1     
	             192K Bit	(16384 X 12 bit)          RAMs := 1     
+---Muxes : 
	   9 Input   18 Bit        Muxes := 2     
	   2 Input   12 Bit        Muxes := 6     
	   2 Input    9 Bit        Muxes := 1     
	   2 Input    8 Bit        Muxes := 2     
	   2 Input    1 Bit        Muxes := 4     
---------------------------------------------------------------------------------
Finished RTL Component Statistics 
---------------------------------------------------------------------------------
---------------------------------------------------------------------------------
Start Part Resource Summary
---------------------------------------------------------------------------------
Part Resources:
DSPs: 90 (col length:60)
BRAMs: 100 (col length: RAMB18 60 RAMB36 30)
---------------------------------------------------------------------------------
Finished Part Resource Summary
---------------------------------------------------------------------------------
---------------------------------------------------------------------------------
Start Cross Boundary and Area Optimization
---------------------------------------------------------------------------------
WARNING: [Synth 8-7080] Parallel synthesis criteria is not met
WARNING: [Synth 8-7129] Port usr_led[3] in module lab10 is either unconnected or has no load
WARNING: [Synth 8-7129] Port usr_led[2] in module lab10 is either unconnected or has no load
WARNING: [Synth 8-7129] Port usr_led[1] in module lab10 is either unconnected or has no load
WARNING: [Synth 8-7129] Port usr_led[0] in module lab10 is either unconnected or has no load
WARNING: [Synth 8-7129] Port usr_btn[2] in module lab10 is either unconnected or has no load
WARNING: [Synth 8-7129] Port usr_btn[1] in module lab10 is either unconnected or has no load
WARNING: [Synth 8-7129] Port usr_btn[0] in module lab10 is either unconnected or has no load
---------------------------------------------------------------------------------
Finished Cross Boundary and Area Optimization : Time (s): cpu = 00:00:20 ; elapsed = 00:00:21 . Memory (MB): peak = 1355.008 ; gain = 76.145
---------------------------------------------------------------------------------
WARNING: [Synth 8-5835] Resources of type BRAM have been overutilized. Used = 108, Available = 100. Will try to implement using LUT-RAM. 
---------------------------------------------------------------------------------
Start ROM, RAM, DSP, Shift Register and Retiming Reporting
---------------------------------------------------------------------------------

Block RAM: Preliminary Mapping Report (see note below)
+------------+--------------+------------------------+---+---+------------------------+---+---+------------------+--------+--------+
|Module Name | RTL Object   | PORT A (Depth x Width) | W | R | PORT B (Depth x Width) | W | R | Ports driving FF | RAMB18 | RAMB36 | 
+------------+--------------+------------------------+---+---+------------------------+---+---+------------------+--------+--------+
|lab10       | ram1/RAM_reg | 22 K x 12(WRITE_FIRST) | W | R |                        |   |   | Port A           | 0      | 12     | 
|lab10       | ram0/RAM_reg | 75 K x 12(WRITE_FIRST) | W | R |                        |   |   | Port A           | 0      | 36     | 
+------------+--------------+------------------------+---+---+------------------------+---+---+------------------+--------+--------+

Note: The table above is a preliminary report that shows the Block RAMs at the current stage of the synthesis flow. Some Block RAMs may be reimplemented as non Block RAM primitives later in the synthesis flow. Multiple instantiated Block RAMs are reported only once. 

Distributed RAM: Preliminary Mapping Report (see note below)
+------------+--------------+-----------+----------------------+------------------+
|Module Name | RTL Object   | Inference | Size (Depth x Width) | Primitives       | 
+------------+--------------+-----------+----------------------+------------------+
|lab10       | ram2/RAM_reg | Implied   | 16 K x 12            | RAM256X1S x 768  | 
+------------+--------------+-----------+----------------------+------------------+

Note: The table above is a preliminary report that shows the Distributed RAMs at the current stage of the synthesis flow. Some Distributed RAMs may be reimplemented as non Distributed RAM primitives later in the synthesis flow. Multiple instantiated RAMs are reported only once.
---------------------------------------------------------------------------------
Finished ROM, RAM, DSP, Shift Register and Retiming Reporting
---------------------------------------------------------------------------------
---------------------------------------------------------------------------------
Start Applying XDC Timing Constraints
---------------------------------------------------------------------------------
---------------------------------------------------------------------------------
Finished Applying XDC Timing Constraints : Time (s): cpu = 00:00:26 ; elapsed = 00:00:27 . Memory (MB): peak = 1355.008 ; gain = 76.145
---------------------------------------------------------------------------------
---------------------------------------------------------------------------------
Start Timing Optimization
---------------------------------------------------------------------------------
---------------------------------------------------------------------------------
Finished Timing Optimization : Time (s): cpu = 00:00:27 ; elapsed = 00:00:28 . Memory (MB): peak = 1355.008 ; gain = 76.145
---------------------------------------------------------------------------------
---------------------------------------------------------------------------------
Start ROM, RAM, DSP, Shift Register and Retiming Reporting
---------------------------------------------------------------------------------

Block RAM: Final Mapping Report
+------------+--------------+------------------------+---+---+------------------------+---+---+------------------+--------+--------+
|Module Name | RTL Object   | PORT A (Depth x Width) | W | R | PORT B (Depth x Width) | W | R | Ports driving FF | RAMB18 | RAMB36 | 
+------------+--------------+------------------------+---+---+------------------------+---+---+------------------+--------+--------+
|lab10       | ram1/RAM_reg | 22 K x 12(WRITE_FIRST) | W | R |                        |   |   | Port A           | 0      | 12     | 
|lab10       | ram0/RAM_reg | 75 K x 12(WRITE_FIRST) | W | R |                        |   |   | Port A           | 0      | 36     | 
+------------+--------------+------------------------+---+---+------------------------+---+---+------------------+--------+--------+


Distributed RAM: Final Mapping Report
+------------+--------------+-----------+----------------------+------------------+
|Module Name | RTL Object   | Inference | Size (Depth x Width) | Primitives       | 
+------------+--------------+-----------+----------------------+------------------+
|lab10       | ram2/RAM_reg | Implied   | 16 K x 12            | RAM256X1S x 768  | 
+------------+--------------+-----------+----------------------+------------------+

---------------------------------------------------------------------------------
Finished ROM, RAM, DSP, Shift Register and Retiming Reporting
---------------------------------------------------------------------------------
---------------------------------------------------------------------------------
Start Technology Mapping
---------------------------------------------------------------------------------
INFO: [Synth 8-7052] The timing for the instance ram1/RAM_reg_0_0 (implemented as a Block RAM) might be sub-optimal as no optional output register could be merged into the ram block. Providing additional output register may help in improving timing.
INFO: [Synth 8-7052] The timing for the instance ram1/RAM_reg_0_1 (implemented as a Block RAM) might be sub-optimal as no optional output register could be merged into the ram block. Providing additional output register may help in improving timing.
INFO: [Synth 8-7052] The timing for the instance ram1/RAM_reg_0_2 (implemented as a Block RAM) might be sub-optimal as no optional output register could be merged into the ram block. Providing additional output register may help in improving timing.
INFO: [Synth 8-7052] The timing for the instance ram1/RAM_reg_0_3 (implemented as a Block RAM) might be sub-optimal as no optional output register could be merged into the ram block. Providing additional output register may help in improving timing.
INFO: [Synth 8-7052] The timing for the instance ram1/RAM_reg_0_4 (implemented as a Block RAM) might be sub-optimal as no optional output register could be merged into the ram block. Providing additional output register may help in improving timing.
INFO: [Synth 8-7052] The timing for the instance ram1/RAM_reg_0_5 (implemented as a Block RAM) might be sub-optimal as no optional output register could be merged into the ram block. Providing additional output register may help in improving timing.
INFO: [Synth 8-7052] The timing for the instance ram1/RAM_reg_0_6 (implemented as a Block RAM) might be sub-optimal as no optional output register could be merged into the ram block. Providing additional output register may help in improving timing.
INFO: [Synth 8-7052] The timing for the instance ram1/RAM_reg_0_7 (implemented as a Block RAM) might be sub-optimal as no optional output register could be merged into the ram block. Providing additional output register may help in improving timing.
INFO: [Synth 8-7052] The timing for the instance ram1/RAM_reg_0_8 (implemented as a Block RAM) might be sub-optimal as no optional output register could be merged into the ram block. Providing additional output register may help in improving timing.
INFO: [Synth 8-7052] The timing for the instance ram1/RAM_reg_0_9 (implemented as a Block RAM) might be sub-optimal as no optional output register could be merged into the ram block. Providing additional output register may help in improving timing.
INFO: [Synth 8-7052] The timing for the instance ram1/RAM_reg_0_10 (implemented as a Block RAM) might be sub-optimal as no optional output register could be merged into the ram block. Providing additional output register may help in improving timing.
INFO: [Synth 8-7052] The timing for the instance ram1/RAM_reg_0_11 (implemented as a Block RAM) might be sub-optimal as no optional output register could be merged into the ram block. Providing additional output register may help in improving timing.
INFO: [Synth 8-7052] The timing for the instance ram0/RAM_reg_1_0 (implemented as a Block RAM) might be sub-optimal as no optional output register could be merged into the ram block. Providing additional output register may help in improving timing.
INFO: [Synth 8-7052] The timing for the instance ram0/RAM_reg_1_1 (implemented as a Block RAM) might be sub-optimal as no optional output register could be merged into the ram block. Providing additional output register may help in improving timing.
INFO: [Synth 8-7052] The timing for the instance ram0/RAM_reg_1_2 (implemented as a Block RAM) might be sub-optimal as no optional output register could be merged into the ram block. Providing additional output register may help in improving timing.
INFO: [Synth 8-7052] The timing for the instance ram0/RAM_reg_1_3 (implemented as a Block RAM) might be sub-optimal as no optional output register could be merged into the ram block. Providing additional output register may help in improving timing.
INFO: [Synth 8-7052] The timing for the instance ram0/RAM_reg_1_4 (implemented as a Block RAM) might be sub-optimal as no optional output register could be merged into the ram block. Providing additional output register may help in improving timing.
INFO: [Synth 8-7052] The timing for the instance ram0/RAM_reg_1_5 (implemented as a Block RAM) might be sub-optimal as no optional output register could be merged into the ram block. Providing additional output register may help in improving timing.
INFO: [Synth 8-7052] The timing for the instance ram0/RAM_reg_1_6 (implemented as a Block RAM) might be sub-optimal as no optional output register could be merged into the ram block. Providing additional output register may help in improving timing.
INFO: [Synth 8-7052] The timing for the instance ram0/RAM_reg_1_7 (implemented as a Block RAM) might be sub-optimal as no optional output register could be merged into the ram block. Providing additional output register may help in improving timing.
INFO: [Synth 8-7052] The timing for the instance ram0/RAM_reg_1_8 (implemented as a Block RAM) might be sub-optimal as no optional output register could be merged into the ram block. Providing additional output register may help in improving timing.
INFO: [Synth 8-7052] The timing for the instance ram0/RAM_reg_1_9 (implemented as a Block RAM) might be sub-optimal as no optional output register could be merged into the ram block. Providing additional output register may help in improving timing.
INFO: [Synth 8-7052] The timing for the instance ram0/RAM_reg_1_10 (implemented as a Block RAM) might be sub-optimal as no optional output register could be merged into the ram block. Providing additional output register may help in improving timing.
INFO: [Synth 8-7052] The timing for the instance ram0/RAM_reg_1_11 (implemented as a Block RAM) might be sub-optimal as no optional output register could be merged into the ram block. Providing additional output register may help in improving timing.
INFO: [Synth 8-7052] The timing for the instance ram0/RAM_reg_1_0__0 (implemented as a Block RAM) might be sub-optimal as no optional output register could be merged into the ram block. Providing additional output register may help in improving timing.
INFO: [Synth 8-7052] The timing for the instance ram0/RAM_reg_1_1__0 (implemented as a Block RAM) might be sub-optimal as no optional output register could be merged into the ram block. Providing additional output register may help in improving timing.
INFO: [Synth 8-7052] The timing for the instance ram0/RAM_reg_1_2__0 (implemented as a Block RAM) might be sub-optimal as no optional output register could be merged into the ram block. Providing additional output register may help in improving timing.
INFO: [Synth 8-7052] The timing for the instance ram0/RAM_reg_1_3__0 (implemented as a Block RAM) might be sub-optimal as no optional output register could be merged into the ram block. Providing additional output register may help in improving timing.
INFO: [Synth 8-7052] The timing for the instance ram0/RAM_reg_1_4__0 (implemented as a Block RAM) might be sub-optimal as no optional output register could be merged into the ram block. Providing additional output register may help in improving timing.
INFO: [Synth 8-7052] The timing for the instance ram0/RAM_reg_1_5__0 (implemented as a Block RAM) might be sub-optimal as no optional output register could be merged into the ram block. Providing additional output register may help in improving timing.
INFO: [Synth 8-7052] The timing for the instance ram0/RAM_reg_1_6__0 (implemented as a Block RAM) might be sub-optimal as no optional output register could be merged into the ram block. Providing additional output register may help in improving timing.
INFO: [Synth 8-7052] The timing for the instance ram0/RAM_reg_1_7__0 (implemented as a Block RAM) might be sub-optimal as no optional output register could be merged into the ram block. Providing additional output register may help in improving timing.
INFO: [Synth 8-7052] The timing for the instance ram0/RAM_reg_1_8__0 (implemented as a Block RAM) might be sub-optimal as no optional output register could be merged into the ram block. Providing additional output register may help in improving timing.
INFO: [Synth 8-7052] The timing for the instance ram0/RAM_reg_1_9__0 (implemented as a Block RAM) might be sub-optimal as no optional output register could be merged into the ram block. Providing additional output register may help in improving timing.
INFO: [Synth 8-7052] The timing for the instance ram0/RAM_reg_1_10__0 (implemented as a Block RAM) might be sub-optimal as no optional output register could be merged into the ram block. Providing additional output register may help in improving timing.
INFO: [Synth 8-7052] The timing for the instance ram0/RAM_reg_1_11__0 (implemented as a Block RAM) might be sub-optimal as no optional output register could be merged into the ram block. Providing additional output register may help in improving timing.
---------------------------------------------------------------------------------
Finished Technology Mapping : Time (s): cpu = 00:00:28 ; elapsed = 00:00:29 . Memory (MB): peak = 1355.008 ; gain = 76.145
---------------------------------------------------------------------------------
---------------------------------------------------------------------------------
Start IO Insertion
---------------------------------------------------------------------------------
---------------------------------------------------------------------------------
Start Flattening Before IO Insertion
---------------------------------------------------------------------------------
---------------------------------------------------------------------------------
Finished Flattening Before IO Insertion
---------------------------------------------------------------------------------
---------------------------------------------------------------------------------
Start Final Netlist Cleanup
---------------------------------------------------------------------------------
---------------------------------------------------------------------------------
Finished Final Netlist Cleanup
---------------------------------------------------------------------------------
---------------------------------------------------------------------------------
Finished IO Insertion : Time (s): cpu = 00:00:33 ; elapsed = 00:00:34 . Memory (MB): peak = 1355.008 ; gain = 76.145
---------------------------------------------------------------------------------
---------------------------------------------------------------------------------
Start Renaming Generated Instances
---------------------------------------------------------------------------------
---------------------------------------------------------------------------------
Finished Renaming Generated Instances : Time (s): cpu = 00:00:33 ; elapsed = 00:00:34 . Memory (MB): peak = 1355.008 ; gain = 76.145
---------------------------------------------------------------------------------
---------------------------------------------------------------------------------
Start Rebuilding User Hierarchy
---------------------------------------------------------------------------------
---------------------------------------------------------------------------------
Finished Rebuilding User Hierarchy : Time (s): cpu = 00:00:33 ; elapsed = 00:00:34 . Memory (MB): peak = 1355.008 ; gain = 76.145
---------------------------------------------------------------------------------
---------------------------------------------------------------------------------
Start Renaming Generated Ports
---------------------------------------------------------------------------------
---------------------------------------------------------------------------------
Finished Renaming Generated Ports : Time (s): cpu = 00:00:33 ; elapsed = 00:00:34 . Memory (MB): peak = 1355.008 ; gain = 76.145
---------------------------------------------------------------------------------
---------------------------------------------------------------------------------
Start Handling Custom Attributes
---------------------------------------------------------------------------------
---------------------------------------------------------------------------------
Finished Handling Custom Attributes : Time (s): cpu = 00:00:33 ; elapsed = 00:00:34 . Memory (MB): peak = 1355.008 ; gain = 76.145
---------------------------------------------------------------------------------
---------------------------------------------------------------------------------
Start Renaming Generated Nets
---------------------------------------------------------------------------------
---------------------------------------------------------------------------------
Finished Renaming Generated Nets : Time (s): cpu = 00:00:33 ; elapsed = 00:00:34 . Memory (MB): peak = 1355.008 ; gain = 76.145
---------------------------------------------------------------------------------
---------------------------------------------------------------------------------
Start Writing Synthesis Report
---------------------------------------------------------------------------------

Report BlackBoxes: 
+-+--------------+----------+
| |BlackBox name |Instances |
+-+--------------+----------+
+-+--------------+----------+

Report Cell Usage: 
+------+----------+------+
|      |Cell      |Count |
+------+----------+------+
|1     |BUFG      |     1|
|2     |CARRY4    |    49|
|3     |LUT1      |    12|
|4     |LUT2      |   106|
|5     |LUT3      |    35|
|6     |LUT4      |    51|
|7     |LUT5      |    30|
|8     |LUT6      |   317|
|9     |MUXF7     |    96|
|10    |MUXF8     |    48|
|11    |RAM256X1S |   768|
|12    |RAMB36E1  |    48|
|60    |FDRE      |   359|
|61    |IBUF      |     3|
|62    |OBUF      |    14|
|63    |OBUFT     |     4|
+------+----------+------+
---------------------------------------------------------------------------------
Finished Writing Synthesis Report : Time (s): cpu = 00:00:33 ; elapsed = 00:00:34 . Memory (MB): peak = 1355.008 ; gain = 76.145
---------------------------------------------------------------------------------
Synthesis finished with 0 errors, 0 critical warnings and 9 warnings.
Synthesis Optimization Runtime : Time (s): cpu = 00:00:24 ; elapsed = 00:00:32 . Memory (MB): peak = 1355.008 ; gain = 0.000
Synthesis Optimization Complete : Time (s): cpu = 00:00:33 ; elapsed = 00:00:34 . Memory (MB): peak = 1355.008 ; gain = 76.145
INFO: [Project 1-571] Translating synthesized netlist
Netlist sorting complete. Time (s): cpu = 00:00:00 ; elapsed = 00:00:00.032 . Memory (MB): peak = 1366.082 ; gain = 0.000
INFO: [Netlist 29-17] Analyzing 1009 Unisim elements for replacement
INFO: [Netlist 29-28] Unisim Transformation completed in 0 CPU seconds
INFO: [Project 1-570] Preparing netlist for logic optimization
INFO: [Opt 31-138] Pushed 0 inverter(s) to 0 load pin(s).
Netlist sorting complete. Time (s): cpu = 00:00:00 ; elapsed = 00:00:00.004 . Memory (MB): peak = 1371.707 ; gain = 0.000
INFO: [Project 1-111] Unisim Transformation Summary:
  A total of 768 instances were transformed.
  RAM256X1S => RAM256X1S (MUXF7(x2), MUXF8, RAMS64E(x4)): 768 instances

Synth Design complete, checksum: 84c46003
INFO: [Common 17-83] Releasing license: Synthesis
72 Infos, 25 Warnings, 0 Critical Warnings and 0 Errors encountered.
synth_design completed successfully
synth_design: Time (s): cpu = 00:00:39 ; elapsed = 00:00:40 . Memory (MB): peak = 1371.707 ; gain = 92.844
INFO: [Common 17-1381] The checkpoint 'C:/Users/Shlab_35/Downloads/Lab1000/lab10/lab10.runs/synth_1/lab10.dcp' has been generated.
INFO: [runtcl-4] Executing : report_utilization -file lab10_utilization_synth.rpt -pb lab10_utilization_synth.pb
INFO: [Common 17-206] Exiting Vivado at Sun Dec 11 00:58:16 2022...
