Copyright 1986-2022 Xilinx, Inc. All Rights Reserved.
------------------------------------------------------------------------------------------------------
| Tool Version : Vivado v.2022.1 (win64) Build 3526262 Mon Apr 18 15:48:16 MDT 2022
| Date         : Mon Dec  5 12:16:34 2022
| Host         : LAPTOP-9GFSE4KI running 64-bit major release  (build 9200)
| Command      : report_drc -file lab9_drc_routed.rpt -pb lab9_drc_routed.pb -rpx lab9_drc_routed.rpx
| Design       : lab9
| Device       : xc7a35ticsg324-1L
| Speed File   : -1L
| Design State : Fully Routed
------------------------------------------------------------------------------------------------------

Report DRC

Table of Contents
-----------------
1. REPORT SUMMARY
2. REPORT DETAILS

1. REPORT SUMMARY
-----------------
            Netlist: netlist
          Floorplan: design_1
      Design limits: <entire design considered>
           Ruledeck: default
             Max violations: <unlimited>
             Violations found: 1
+----------+----------+-------------------+------------+
| Rule     | Severity | Description       | Violations |
+----------+----------+-------------------+------------+
| PDRC-153 | Warning  | Gated clock check | 1          |
+----------+----------+-------------------+------------+

2. REPORT DETAILS
-----------------
PDRC-153#1 Warning
Gated clock check  
Net FSM_sequential_P_next_reg[1]_i_2_n_0 is a gated clock net sourced by a combinational pin FSM_sequential_P_next_reg[1]_i_2/O, cell FSM_sequential_P_next_reg[1]_i_2. This is not good design practice and will likely impact performance. For SLICE registers, for example, use the CE pin to control the loading of data.
Related violations: <none>


