
*** Running vivado
    with args -log lab10.vds -m64 -product Vivado -mode batch -messageDb vivado.pb -notrace -source lab10.tcl



****** Vivado v2022.1 (64-bit)
  **** SW Build 3526262 on Mon Apr 18 15:48:16 MDT 2022
  **** IP Build 3524634 on Mon Apr 18 20:55:01 MDT 2022
    ** Copyright 1986-2022 Xilinx, Inc. All Rights Reserved.

source lab10.tcl -notrace
Command: read_checkpoint -auto_incremental -incremental C:/Users/Shlab_46/Desktop/project_v8.9/lab10.srcs/utils_1/imports/synth_1/lab10.dcp
INFO: [Vivado 12-5825] Read reference checkpoint from C:/Users/Shlab_46/Desktop/project_v8.9/lab10.srcs/utils_1/imports/synth_1/lab10.dcp for incremental synthesis
INFO: [Vivado 12-7989] Please ensure there are no constraint changes
Command: synth_design -top lab10 -part xc7a35ticsg324-1L
Starting synth_design
Attempting to get a license for feature 'Synthesis' and/or device 'xc7a35ti'
INFO: [Common 17-349] Got license for feature 'Synthesis' and/or device 'xc7a35ti'
INFO: [Device 21-403] Loading part xc7a35ticsg324-1L
INFO: [Designutils 20-5440] No compile time benefit to using incremental synthesis; A full resynthesis will be run
INFO: [Designutils 20-4379] Flow is switching to default flow due to incremental criteria not met. If you would like to alter this behaviour and have the flow terminate instead, please set the following parameter config_implementation {autoIncr.Synth.RejectBehavior Terminate}
INFO: [Synth 8-7079] Multithreading enabled for synth_design using a maximum of 2 processes.
INFO: [Synth 8-7078] Launching helper process for spawning children vivado processes
INFO: [Synth 8-7075] Helper process launched with PID 9996
---------------------------------------------------------------------------------
Starting RTL Elaboration : Time (s): cpu = 00:00:05 ; elapsed = 00:00:05 . Memory (MB): peak = 1280.738 ; gain = 0.000
---------------------------------------------------------------------------------
INFO: [Synth 8-6157] synthesizing module 'lab10' [C:/Users/Shlab_46/Desktop/project_v8.1111/lab10.srcs/sources_1/lab10.v:23]
INFO: [Synth 8-6157] synthesizing module 'debounce' [C:/Users/Shlab_46/Desktop/project_v8.1111/lab10.srcs/sources_1/new/debounce.v:21]
INFO: [Synth 8-6155] done synthesizing module 'debounce' (0#1) [C:/Users/Shlab_46/Desktop/project_v8.1111/lab10.srcs/sources_1/new/debounce.v:21]
INFO: [Synth 8-6157] synthesizing module 'vga_sync' [C:/Users/Shlab_46/Desktop/project_v8.1111/lab10.srcs/sources_1/vga_sync.v:19]
INFO: [Synth 8-6155] done synthesizing module 'vga_sync' (0#1) [C:/Users/Shlab_46/Desktop/project_v8.1111/lab10.srcs/sources_1/vga_sync.v:19]
INFO: [Synth 8-6157] synthesizing module 'clk_divider' [C:/Users/Shlab_46/Desktop/project_v8.1111/lab10.srcs/sources_1/clk_divider.v:21]
	Parameter divider bound to: 2 - type: integer 
INFO: [Synth 8-6155] done synthesizing module 'clk_divider' (0#1) [C:/Users/Shlab_46/Desktop/project_v8.1111/lab10.srcs/sources_1/clk_divider.v:21]
INFO: [Synth 8-6157] synthesizing module 'sram' [C:/Users/Shlab_46/Desktop/project_v8.1111/lab10.srcs/sources_1/sram.v:8]
	Parameter DATA_WIDTH bound to: 12 - type: integer 
	Parameter ADDR_WIDTH bound to: 18 - type: integer 
	Parameter RAM_SIZE bound to: 78550 - type: integer 
INFO: [Synth 8-3876] $readmem data file 'bb2.mem' is read successfully [C:/Users/Shlab_46/Desktop/project_v8.1111/lab10.srcs/sources_1/sram.v:28]
INFO: [Synth 8-6155] done synthesizing module 'sram' (0#1) [C:/Users/Shlab_46/Desktop/project_v8.1111/lab10.srcs/sources_1/sram.v:8]
INFO: [Synth 8-6157] synthesizing module 'sram_pikachus_and_ball' [C:/Users/Shlab_46/Desktop/project_v8.1111/lab10.srcs/sources_1/new/sram_pikachus_and_ball.v:8]
	Parameter DATA_WIDTH bound to: 12 - type: integer 
	Parameter ADDR_WIDTH bound to: 18 - type: integer 
	Parameter RAM_SIZE bound to: 9100 - type: integer 
INFO: [Synth 8-3876] $readmem data file 'images.mem' is read successfully [C:/Users/Shlab_46/Desktop/project_v8.1111/lab10.srcs/sources_1/new/sram_pikachus_and_ball.v:28]
INFO: [Synth 8-6155] done synthesizing module 'sram_pikachus_and_ball' (0#1) [C:/Users/Shlab_46/Desktop/project_v8.1111/lab10.srcs/sources_1/new/sram_pikachus_and_ball.v:8]
INFO: [Synth 8-6157] synthesizing module 'sram_cloud' [C:/Users/Shlab_46/Desktop/project_v8.1111/lab10.srcs/sources_1/new/sram_cloud.v:8]
	Parameter DATA_WIDTH bound to: 12 - type: integer 
	Parameter ADDR_WIDTH bound to: 18 - type: integer 
	Parameter RAM_SIZE bound to: 900 - type: integer 
INFO: [Synth 8-3876] $readmem data file 'cloud45-20.mem' is read successfully [C:/Users/Shlab_46/Desktop/project_v8.1111/lab10.srcs/sources_1/new/sram_cloud.v:25]
INFO: [Synth 8-6155] done synthesizing module 'sram_cloud' (0#1) [C:/Users/Shlab_46/Desktop/project_v8.1111/lab10.srcs/sources_1/new/sram_cloud.v:8]
INFO: [Synth 8-6157] synthesizing module 'sram_score' [C:/Users/Shlab_46/Desktop/project_v8.1111/lab10.srcs/sources_1/new/sram_score.v:8]
	Parameter DATA_WIDTH bound to: 12 - type: integer 
	Parameter ADDR_WIDTH bound to: 18 - type: integer 
	Parameter RAM_SIZE bound to: 7500 - type: integer 
INFO: [Synth 8-3876] $readmem data file '10scores.mem' is read successfully [C:/Users/Shlab_46/Desktop/project_v8.1111/lab10.srcs/sources_1/new/sram_score.v:28]
INFO: [Synth 8-6155] done synthesizing module 'sram_score' (0#1) [C:/Users/Shlab_46/Desktop/project_v8.1111/lab10.srcs/sources_1/new/sram_score.v:8]
INFO: [Synth 8-6157] synthesizing module 'sram_ducks' [C:/Users/Shlab_46/Desktop/project_v8.1111/lab10.srcs/sources_1/new/sram_ducks.v:8]
	Parameter DATA_WIDTH bound to: 12 - type: integer 
	Parameter ADDR_WIDTH bound to: 18 - type: integer 
	Parameter RAM_SIZE bound to: 2250 - type: integer 
INFO: [Synth 8-3876] $readmem data file 'ducks.v4.mem' is read successfully [C:/Users/Shlab_46/Desktop/project_v8.1111/lab10.srcs/sources_1/new/sram_ducks.v:28]
INFO: [Synth 8-6155] done synthesizing module 'sram_ducks' (0#1) [C:/Users/Shlab_46/Desktop/project_v8.1111/lab10.srcs/sources_1/new/sram_ducks.v:8]
INFO: [Synth 8-6155] done synthesizing module 'lab10' (0#1) [C:/Users/Shlab_46/Desktop/project_v8.1111/lab10.srcs/sources_1/lab10.v:23]
WARNING: [Synth 8-6014] Unused sequential element prev_btn_level_reg[0] was removed.  [C:/Users/Shlab_46/Desktop/project_v8.1111/lab10.srcs/sources_1/lab10.v:432]
WARNING: [Synth 8-6014] Unused sequential element prev_btn_level_reg[1] was removed.  [C:/Users/Shlab_46/Desktop/project_v8.1111/lab10.srcs/sources_1/lab10.v:437]
WARNING: [Synth 8-7129] Port addr1[17] in module sram_ducks is either unconnected or has no load
WARNING: [Synth 8-7129] Port addr1[16] in module sram_ducks is either unconnected or has no load
WARNING: [Synth 8-7129] Port addr1[15] in module sram_ducks is either unconnected or has no load
WARNING: [Synth 8-7129] Port addr1[14] in module sram_ducks is either unconnected or has no load
WARNING: [Synth 8-7129] Port addr1[13] in module sram_ducks is either unconnected or has no load
WARNING: [Synth 8-7129] Port addr1[12] in module sram_ducks is either unconnected or has no load
WARNING: [Synth 8-7129] Port addr2[17] in module sram_ducks is either unconnected or has no load
WARNING: [Synth 8-7129] Port addr2[16] in module sram_ducks is either unconnected or has no load
WARNING: [Synth 8-7129] Port addr2[15] in module sram_ducks is either unconnected or has no load
WARNING: [Synth 8-7129] Port addr2[14] in module sram_ducks is either unconnected or has no load
WARNING: [Synth 8-7129] Port addr2[13] in module sram_ducks is either unconnected or has no load
WARNING: [Synth 8-7129] Port addr2[12] in module sram_ducks is either unconnected or has no load
WARNING: [Synth 8-7129] Port addr1[17] in module sram_score is either unconnected or has no load
WARNING: [Synth 8-7129] Port addr1[16] in module sram_score is either unconnected or has no load
WARNING: [Synth 8-7129] Port addr1[15] in module sram_score is either unconnected or has no load
WARNING: [Synth 8-7129] Port addr1[14] in module sram_score is either unconnected or has no load
WARNING: [Synth 8-7129] Port addr1[13] in module sram_score is either unconnected or has no load
WARNING: [Synth 8-7129] Port addr2[17] in module sram_score is either unconnected or has no load
WARNING: [Synth 8-7129] Port addr2[16] in module sram_score is either unconnected or has no load
WARNING: [Synth 8-7129] Port addr2[15] in module sram_score is either unconnected or has no load
WARNING: [Synth 8-7129] Port addr2[14] in module sram_score is either unconnected or has no load
WARNING: [Synth 8-7129] Port addr2[13] in module sram_score is either unconnected or has no load
WARNING: [Synth 8-7129] Port addr[17] in module sram_cloud is either unconnected or has no load
WARNING: [Synth 8-7129] Port addr[16] in module sram_cloud is either unconnected or has no load
WARNING: [Synth 8-7129] Port addr[15] in module sram_cloud is either unconnected or has no load
WARNING: [Synth 8-7129] Port addr[14] in module sram_cloud is either unconnected or has no load
WARNING: [Synth 8-7129] Port addr[13] in module sram_cloud is either unconnected or has no load
WARNING: [Synth 8-7129] Port addr[12] in module sram_cloud is either unconnected or has no load
WARNING: [Synth 8-7129] Port addr[11] in module sram_cloud is either unconnected or has no load
WARNING: [Synth 8-7129] Port addr[10] in module sram_cloud is either unconnected or has no load
WARNING: [Synth 8-7129] Port addr1[17] in module sram_pikachus_and_ball is either unconnected or has no load
WARNING: [Synth 8-7129] Port addr1[16] in module sram_pikachus_and_ball is either unconnected or has no load
WARNING: [Synth 8-7129] Port addr1[15] in module sram_pikachus_and_ball is either unconnected or has no load
WARNING: [Synth 8-7129] Port addr1[14] in module sram_pikachus_and_ball is either unconnected or has no load
WARNING: [Synth 8-7129] Port addr2[17] in module sram_pikachus_and_ball is either unconnected or has no load
WARNING: [Synth 8-7129] Port addr2[16] in module sram_pikachus_and_ball is either unconnected or has no load
WARNING: [Synth 8-7129] Port addr2[15] in module sram_pikachus_and_ball is either unconnected or has no load
WARNING: [Synth 8-7129] Port addr2[14] in module sram_pikachus_and_ball is either unconnected or has no load
WARNING: [Synth 8-7129] Port addr1[17] in module sram is either unconnected or has no load
WARNING: [Synth 8-7129] Port addr2[17] in module sram is either unconnected or has no load
---------------------------------------------------------------------------------
Finished RTL Elaboration : Time (s): cpu = 00:00:08 ; elapsed = 00:00:08 . Memory (MB): peak = 1360.367 ; gain = 79.629
---------------------------------------------------------------------------------
---------------------------------------------------------------------------------
Start Handling Custom Attributes
---------------------------------------------------------------------------------
---------------------------------------------------------------------------------
Finished Handling Custom Attributes : Time (s): cpu = 00:00:08 ; elapsed = 00:00:09 . Memory (MB): peak = 1360.367 ; gain = 79.629
---------------------------------------------------------------------------------
---------------------------------------------------------------------------------
Finished RTL Optimization Phase 1 : Time (s): cpu = 00:00:08 ; elapsed = 00:00:09 . Memory (MB): peak = 1360.367 ; gain = 79.629
---------------------------------------------------------------------------------
Netlist sorting complete. Time (s): cpu = 00:00:00 ; elapsed = 00:00:00.063 . Memory (MB): peak = 1360.367 ; gain = 0.000
INFO: [Project 1-570] Preparing netlist for logic optimization

Processing XDC Constraints
Initializing timing engine
Parsing XDC File [C:/Users/Shlab_46/Desktop/project_v8.1111/lab10.srcs/constrs_1/lab10.xdc]
Finished Parsing XDC File [C:/Users/Shlab_46/Desktop/project_v8.1111/lab10.srcs/constrs_1/lab10.xdc]
INFO: [Project 1-236] Implementation specific constraints were found while reading constraint file [C:/Users/Shlab_46/Desktop/project_v8.1111/lab10.srcs/constrs_1/lab10.xdc]. These constraints will be ignored for synthesis but will be used in implementation. Impacted constraints are listed in the file [.Xil/lab10_propImpl.xdc].
Resolution: To avoid this warning, move constraints listed in [.Xil/lab10_propImpl.xdc] to another XDC file and exclude this new file from synthesis with the used_in_synthesis property (File Properties dialog in GUI) and re-run elaboration/synthesis.
Completed Processing XDC Constraints

Netlist sorting complete. Time (s): cpu = 00:00:00 ; elapsed = 00:00:00 . Memory (MB): peak = 1391.047 ; gain = 0.000
INFO: [Project 1-111] Unisim Transformation Summary:
No Unisim elements were transformed.

Constraint Validation Runtime : Time (s): cpu = 00:00:00 ; elapsed = 00:00:00.009 . Memory (MB): peak = 1391.047 ; gain = 0.000
INFO: [Designutils 20-5440] No compile time benefit to using incremental synthesis; A full resynthesis will be run
INFO: [Designutils 20-4379] Flow is switching to default flow due to incremental criteria not met. If you would like to alter this behaviour and have the flow terminate instead, please set the following parameter config_implementation {autoIncr.Synth.RejectBehavior Terminate}
---------------------------------------------------------------------------------
Finished Constraint Validation : Time (s): cpu = 00:00:16 ; elapsed = 00:00:17 . Memory (MB): peak = 1391.047 ; gain = 110.309
---------------------------------------------------------------------------------
---------------------------------------------------------------------------------
Start Loading Part and Timing Information
---------------------------------------------------------------------------------
Loading part: xc7a35ticsg324-1L
---------------------------------------------------------------------------------
Finished Loading Part and Timing Information : Time (s): cpu = 00:00:16 ; elapsed = 00:00:17 . Memory (MB): peak = 1391.047 ; gain = 110.309
---------------------------------------------------------------------------------
---------------------------------------------------------------------------------
Start Applying 'set_property' XDC Constraints
---------------------------------------------------------------------------------
---------------------------------------------------------------------------------
Finished applying 'set_property' XDC Constraints : Time (s): cpu = 00:00:16 ; elapsed = 00:00:17 . Memory (MB): peak = 1391.047 ; gain = 110.309
---------------------------------------------------------------------------------
---------------------------------------------------------------------------------
Finished RTL Optimization Phase 2 : Time (s): cpu = 00:00:18 ; elapsed = 00:00:18 . Memory (MB): peak = 1391.047 ; gain = 110.309
---------------------------------------------------------------------------------
---------------------------------------------------------------------------------
Start RTL Component Statistics 
---------------------------------------------------------------------------------
Detailed RTL Component Info : 
+---Adders : 
	   2 Input   34 Bit       Adders := 4     
	   2 Input   32 Bit       Adders := 16    
	   4 Input   32 Bit       Adders := 5     
	   6 Input   32 Bit       Adders := 1     
	   3 Input   32 Bit       Adders := 9     
	   3 Input   18 Bit       Adders := 3     
	   3 Input   12 Bit       Adders := 9     
	   2 Input   12 Bit       Adders := 1     
	   2 Input   11 Bit       Adders := 9     
	   2 Input   10 Bit       Adders := 2     
	   2 Input    8 Bit       Adders := 2     
	   2 Input    5 Bit       Adders := 1     
	   2 Input    4 Bit       Adders := 6     
	   2 Input    2 Bit       Adders := 1     
+---Registers : 
	               34 Bit    Registers := 6     
	               32 Bit    Registers := 8     
	               17 Bit    Registers := 5     
	               12 Bit    Registers := 10    
	               10 Bit    Registers := 2     
	                8 Bit    Registers := 1     
	                5 Bit    Registers := 1     
	                4 Bit    Registers := 4     
	                2 Bit    Registers := 2     
	                1 Bit    Registers := 11    
+---RAMs : 
	             920K Bit	(78550 X 12 bit)          RAMs := 1     
	             106K Bit	(9100 X 12 bit)          RAMs := 1     
	              87K Bit	(7500 X 12 bit)          RAMs := 1     
	              26K Bit	(2250 X 12 bit)          RAMs := 1     
	              10K Bit	(900 X 12 bit)          RAMs := 1     
+---Muxes : 
	   7 Input   34 Bit        Muxes := 2     
	   6 Input   34 Bit        Muxes := 3     
	   2 Input   34 Bit        Muxes := 26    
	   3 Input   34 Bit        Muxes := 4     
	   9 Input   34 Bit        Muxes := 2     
	  11 Input   34 Bit        Muxes := 2     
	   4 Input   34 Bit        Muxes := 2     
	   8 Input   34 Bit        Muxes := 1     
	   3 Input   32 Bit        Muxes := 3     
	   2 Input   32 Bit        Muxes := 15    
	   4 Input   32 Bit        Muxes := 1     
	  11 Input   18 Bit        Muxes := 2     
	   2 Input   18 Bit        Muxes := 3     
	   2 Input   14 Bit        Muxes := 1     
	   4 Input   14 Bit        Muxes := 1     
	   2 Input   13 Bit        Muxes := 4     
	   2 Input   12 Bit        Muxes := 24    
	   3 Input   12 Bit        Muxes := 1     
	   2 Input    8 Bit        Muxes := 1     
	   2 Input    7 Bit        Muxes := 1     
	   2 Input    2 Bit        Muxes := 3     
	   4 Input    2 Bit        Muxes := 1     
	   2 Input    1 Bit        Muxes := 46    
	   3 Input    1 Bit        Muxes := 2     
---------------------------------------------------------------------------------
Finished RTL Component Statistics 
---------------------------------------------------------------------------------
---------------------------------------------------------------------------------
Start Part Resource Summary
---------------------------------------------------------------------------------
Part Resources:
DSPs: 90 (col length:60)
BRAMs: 100 (col length: RAMB18 60 RAMB36 30)
---------------------------------------------------------------------------------
Finished Part Resource Summary
---------------------------------------------------------------------------------
---------------------------------------------------------------------------------
Start Cross Boundary and Area Optimization
---------------------------------------------------------------------------------
WARNING: [Synth 8-7080] Parallel synthesis criteria is not met
DSP Report: Generating DSP pixel_addr_ducks2, operation Mode is: (D+(A:0x3fffffb0))*(B:0x19).
DSP Report: operator pixel_addr_ducks2 is absorbed into DSP pixel_addr_ducks2.
DSP Report: operator pixel_addr_ducks3 is absorbed into DSP pixel_addr_ducks2.
DSP Report: Generating DSP pixel_addr_ducks_reg, operation Mode is: PCIN+(A:0x0):B+(C:0x659).
DSP Report: register pixel_addr_ducks_reg is absorbed into DSP pixel_addr_ducks_reg.
DSP Report: operator pixel_addr_ducks0 is absorbed into DSP pixel_addr_ducks_reg.
DSP Report: Generating DSP pixel_addr_gameset_reg, operation Mode is: C+(D+(A:0x3fffffec))*(B:0x32).
DSP Report: register pixel_addr_gameset_reg is absorbed into DSP pixel_addr_gameset_reg.
DSP Report: operator pixel_addr_gameset0 is absorbed into DSP pixel_addr_gameset_reg.
DSP Report: operator pixel_addr_gameset1 is absorbed into DSP pixel_addr_gameset_reg.
DSP Report: operator pixel_addr_gameset2 is absorbed into DSP pixel_addr_gameset_reg.
INFO: [Synth 8-3971] The signal "lab10/ram4/RAM_reg" was recognized as a true dual port RAM template.
INFO: [Synth 8-3971] The signal "lab10/ram0/RAM_reg" was recognized as a true dual port RAM template.
DSP Report: Generating DSP pixel_addr_score12, operation Mode is: (D+(A:0x3fffffd8))*(B:0x19).
DSP Report: operator pixel_addr_score12 is absorbed into DSP pixel_addr_score12.
DSP Report: operator pixel_addr_score13 is absorbed into DSP pixel_addr_score12.
INFO: [Synth 8-3971] The signal "lab10/ram3/RAM_reg" was recognized as a true dual port RAM template.
DSP Report: Generating DSP p_0_out, operation Mode is: A*(B:0x32).
DSP Report: operator p_0_out is absorbed into DSP p_0_out.
DSP Report: Generating DSP pixel_addr_pika_reg, operation Mode is: (PCIN+(A:0x0):B+C)'.
DSP Report: register pixel_addr_pika_reg is absorbed into DSP pixel_addr_pika_reg.
DSP Report: operator p_1_out is absorbed into DSP pixel_addr_pika_reg.
DSP Report: Generating DSP pixel_addr_ball2, operation Mode is: A*(B:0x14).
DSP Report: operator pixel_addr_ball2 is absorbed into DSP pixel_addr_ball2.
DSP Report: Generating DSP pixel_addr_ball_reg, operation Mode is: (PCIN+(A:0x0):B+C)'.
DSP Report: register pixel_addr_ball_reg is absorbed into DSP pixel_addr_ball_reg.
DSP Report: operator p_1_out is absorbed into DSP pixel_addr_ball_reg.
INFO: [Synth 8-3971] The signal "lab10/ram1/RAM_reg" was recognized as a true dual port RAM template.
DSP Report: Generating DSP pixel_addr_cloud_reg, operation Mode is: C+(D+A)*(B:0x2d).
DSP Report: register pixel_addr_cloud_reg is absorbed into DSP pixel_addr_cloud_reg.
DSP Report: operator pixel_addr_cloud0 is absorbed into DSP pixel_addr_cloud_reg.
DSP Report: operator p_0_in is absorbed into DSP pixel_addr_cloud_reg.
DSP Report: operator pixel_addr_cloud2 is absorbed into DSP pixel_addr_cloud_reg.
INFO: [Synth 8-3971] The signal "lab10/ram4/RAM_reg" was recognized as a true dual port RAM template.
INFO: [Synth 8-3971] The signal "lab10/ram0/RAM_reg" was recognized as a true dual port RAM template.
INFO: [Synth 8-3971] The signal "lab10/ram3/RAM_reg" was recognized as a true dual port RAM template.
INFO: [Synth 8-3971] The signal "lab10/ram1/RAM_reg" was recognized as a true dual port RAM template.
---------------------------------------------------------------------------------
Finished Cross Boundary and Area Optimization : Time (s): cpu = 00:00:29 ; elapsed = 00:00:30 . Memory (MB): peak = 1391.047 ; gain = 110.309
---------------------------------------------------------------------------------
---------------------------------------------------------------------------------
Start ROM, RAM, DSP, Shift Register and Retiming Reporting
---------------------------------------------------------------------------------

Block RAM: Preliminary Mapping Report (see note below)
+------------+--------------+------------------------+---+---+------------------------+---+---+------------------+--------+--------+
|Module Name | RTL Object   | PORT A (Depth x Width) | W | R | PORT B (Depth x Width) | W | R | Ports driving FF | RAMB18 | RAMB36 | 
+------------+--------------+------------------------+---+---+------------------------+---+---+------------------+--------+--------+
|lab10       | ram4/RAM_reg | 2 K x 12(WRITE_FIRST)  | W | R | 2 K x 12(WRITE_FIRST)  | W | R | Port A and B     | 1      | 1      | 
|lab10       | ram0/RAM_reg | 76 K x 12(WRITE_FIRST) | W | R | 76 K x 12(WRITE_FIRST) | W | R | Port A and B     | 0      | 36     | 
|lab10       | ram3/RAM_reg | 7 K x 12(WRITE_FIRST)  | W | R | 7 K x 12(WRITE_FIRST)  | W | R | Port A and B     | 0      | 3      | 
|lab10       | ram1/RAM_reg | 8 K x 12(WRITE_FIRST)  | W | R | 8 K x 12(WRITE_FIRST)  | W | R | Port A and B     | 0      | 6      | 
|lab10       | ram2/RAM_reg | 0 K x 12(WRITE_FIRST)  | W | R |                        |   |   | Port A           | 1      | 0      | 
+------------+--------------+------------------------+---+---+------------------------+---+---+------------------+--------+--------+

Note: The table above is a preliminary report that shows the Block RAMs at the current stage of the synthesis flow. Some Block RAMs may be reimplemented as non Block RAM primitives later in the synthesis flow. Multiple instantiated Block RAMs are reported only once. 

DSP: Preliminary Mapping Report (see note below. The ' indicates corresponding REG is set)
+------------+-------------------------------+--------+--------+--------+--------+--------+------+------+------+------+-------+------+------+
|Module Name | DSP Mapping                   | A Size | B Size | C Size | D Size | P Size | AREG | BREG | CREG | DREG | ADREG | MREG | PREG | 
+------------+-------------------------------+--------+--------+--------+--------+--------+------+------+------+------+-------+------+------+
|lab10       | (D+(A:0x3fffffb0))*(B:0x19)   | 17     | 5      | -      | 9      | 22     | 0    | 0    | -    | 0    | 0     | 0    | 0    | 
|lab10       | PCIN+(A:0x0):B+(C:0x659)      | 30     | 17     | 11     | -      | -1     | 0    | 0    | 0    | -    | -     | 0    | 1    | 
|lab10       | C+(D+(A:0x3fffffec))*(B:0x32) | 17     | 6      | 17     | 9      | 17     | 0    | 0    | 0    | 0    | 0     | 0    | 1    | 
|lab10       | (D+(A:0x3fffffd8))*(B:0x19)   | 17     | 5      | -      | 9      | 22     | 0    | 0    | -    | 0    | 0     | 0    | 0    | 
|lab10       | A*(B:0x32)                    | 17     | 6      | -      | -      | 23     | 0    | 0    | -    | -    | -     | 0    | 0    | 
|lab10       | (PCIN+(A:0x0):B+C)'           | 30     | 13     | 17     | -      | -1     | 0    | 0    | 0    | -    | -     | 0    | 1    | 
|lab10       | A*(B:0x14)                    | 17     | 5      | -      | -      | 22     | 0    | 0    | -    | -    | -     | 0    | 0    | 
|lab10       | (PCIN+(A:0x0):B+C)'           | 30     | 17     | 14     | -      | -1     | 0    | 0    | 0    | -    | -     | 0    | 1    | 
|lab10       | C+(D+A)*(B:0x2d)              | 17     | 6      | 17     | 9      | 17     | 0    | 0    | 0    | 0    | 0     | 0    | 1    | 
+------------+-------------------------------+--------+--------+--------+--------+--------+------+------+------+------+-------+------+------+

Note: The table above is a preliminary report that shows the DSPs inferred at the current stage of the synthesis flow. Some DSP may be reimplemented as non DSP primitives later in the synthesis flow. Multiple instantiated DSPs are reported only once.
---------------------------------------------------------------------------------
Finished ROM, RAM, DSP, Shift Register and Retiming Reporting
---------------------------------------------------------------------------------
---------------------------------------------------------------------------------
Start Applying XDC Timing Constraints
---------------------------------------------------------------------------------
---------------------------------------------------------------------------------
Finished Applying XDC Timing Constraints : Time (s): cpu = 00:00:39 ; elapsed = 00:00:39 . Memory (MB): peak = 1402.105 ; gain = 121.367
---------------------------------------------------------------------------------
---------------------------------------------------------------------------------
Start Timing Optimization
---------------------------------------------------------------------------------
---------------------------------------------------------------------------------
Finished Timing Optimization : Time (s): cpu = 00:00:48 ; elapsed = 00:00:49 . Memory (MB): peak = 1561.312 ; gain = 280.574
---------------------------------------------------------------------------------
---------------------------------------------------------------------------------
Start ROM, RAM, DSP, Shift Register and Retiming Reporting
---------------------------------------------------------------------------------

Block RAM: Final Mapping Report
+------------+--------------+------------------------+---+---+------------------------+---+---+------------------+--------+--------+
|Module Name | RTL Object   | PORT A (Depth x Width) | W | R | PORT B (Depth x Width) | W | R | Ports driving FF | RAMB18 | RAMB36 | 
+------------+--------------+------------------------+---+---+------------------------+---+---+------------------+--------+--------+
|lab10       | ram4/RAM_reg | 2 K x 12(WRITE_FIRST)  | W | R | 2 K x 12(WRITE_FIRST)  | W | R | Port A and B     | 1      | 1      | 
|lab10       | ram0/RAM_reg | 76 K x 12(WRITE_FIRST) | W | R | 76 K x 12(WRITE_FIRST) | W | R | Port A and B     | 0      | 36     | 
|lab10       | ram3/RAM_reg | 7 K x 12(WRITE_FIRST)  | W | R | 7 K x 12(WRITE_FIRST)  | W | R | Port A and B     | 0      | 3      | 
|lab10       | ram1/RAM_reg | 8 K x 12(WRITE_FIRST)  | W | R | 8 K x 12(WRITE_FIRST)  | W | R | Port A and B     | 0      | 6      | 
|lab10       | ram2/RAM_reg | 0 K x 12(WRITE_FIRST)  | W | R |                        |   |   | Port A           | 1      | 0      | 
+------------+--------------+------------------------+---+---+------------------------+---+---+------------------+--------+--------+

---------------------------------------------------------------------------------
Finished ROM, RAM, DSP, Shift Register and Retiming Reporting
---------------------------------------------------------------------------------
---------------------------------------------------------------------------------
Start Technology Mapping
---------------------------------------------------------------------------------
INFO: [Synth 8-7052] The timing for the instance ram4/RAM_reg_0 (implemented as a Block RAM) might be sub-optimal as no optional output register could be merged into the ram block. Providing additional output register may help in improving timing.
INFO: [Synth 8-7052] The timing for the instance ram4/RAM_reg_0 (implemented as a Block RAM) might be sub-optimal as no optional output register could be merged into the ram block. Providing additional output register may help in improving timing.
INFO: [Synth 8-7052] The timing for the instance ram4/RAM_reg_1 (implemented as a Block RAM) might be sub-optimal as no optional output register could be merged into the ram block. Providing additional output register may help in improving timing.
INFO: [Synth 8-7052] The timing for the instance ram4/RAM_reg_1 (implemented as a Block RAM) might be sub-optimal as no optional output register could be merged into the ram block. Providing additional output register may help in improving timing.
INFO: [Synth 8-7052] The timing for the instance ram0/RAM_reg_1_0 (implemented as a Block RAM) might be sub-optimal as no optional output register could be merged into the ram block. Providing additional output register may help in improving timing.
INFO: [Synth 8-7052] The timing for the instance ram0/RAM_reg_1_0 (implemented as a Block RAM) might be sub-optimal as no optional output register could be merged into the ram block. Providing additional output register may help in improving timing.
INFO: [Synth 8-7052] The timing for the instance ram0/RAM_reg_1_1 (implemented as a Block RAM) might be sub-optimal as no optional output register could be merged into the ram block. Providing additional output register may help in improving timing.
INFO: [Synth 8-7052] The timing for the instance ram0/RAM_reg_1_1 (implemented as a Block RAM) might be sub-optimal as no optional output register could be merged into the ram block. Providing additional output register may help in improving timing.
INFO: [Synth 8-7052] The timing for the instance ram0/RAM_reg_1_2 (implemented as a Block RAM) might be sub-optimal as no optional output register could be merged into the ram block. Providing additional output register may help in improving timing.
INFO: [Synth 8-7052] The timing for the instance ram0/RAM_reg_1_2 (implemented as a Block RAM) might be sub-optimal as no optional output register could be merged into the ram block. Providing additional output register may help in improving timing.
INFO: [Synth 8-7052] The timing for the instance ram0/RAM_reg_1_3 (implemented as a Block RAM) might be sub-optimal as no optional output register could be merged into the ram block. Providing additional output register may help in improving timing.
INFO: [Synth 8-7052] The timing for the instance ram0/RAM_reg_1_3 (implemented as a Block RAM) might be sub-optimal as no optional output register could be merged into the ram block. Providing additional output register may help in improving timing.
INFO: [Synth 8-7052] The timing for the instance ram0/RAM_reg_1_4 (implemented as a Block RAM) might be sub-optimal as no optional output register could be merged into the ram block. Providing additional output register may help in improving timing.
INFO: [Synth 8-7052] The timing for the instance ram0/RAM_reg_1_4 (implemented as a Block RAM) might be sub-optimal as no optional output register could be merged into the ram block. Providing additional output register may help in improving timing.
INFO: [Synth 8-7052] The timing for the instance ram0/RAM_reg_1_5 (implemented as a Block RAM) might be sub-optimal as no optional output register could be merged into the ram block. Providing additional output register may help in improving timing.
INFO: [Synth 8-7052] The timing for the instance ram0/RAM_reg_1_5 (implemented as a Block RAM) might be sub-optimal as no optional output register could be merged into the ram block. Providing additional output register may help in improving timing.
INFO: [Synth 8-7052] The timing for the instance ram0/RAM_reg_1_6 (implemented as a Block RAM) might be sub-optimal as no optional output register could be merged into the ram block. Providing additional output register may help in improving timing.
INFO: [Synth 8-7052] The timing for the instance ram0/RAM_reg_1_6 (implemented as a Block RAM) might be sub-optimal as no optional output register could be merged into the ram block. Providing additional output register may help in improving timing.
INFO: [Synth 8-7052] The timing for the instance ram0/RAM_reg_1_7 (implemented as a Block RAM) might be sub-optimal as no optional output register could be merged into the ram block. Providing additional output register may help in improving timing.
INFO: [Synth 8-7052] The timing for the instance ram0/RAM_reg_1_7 (implemented as a Block RAM) might be sub-optimal as no optional output register could be merged into the ram block. Providing additional output register may help in improving timing.
INFO: [Synth 8-7052] The timing for the instance ram0/RAM_reg_1_8 (implemented as a Block RAM) might be sub-optimal as no optional output register could be merged into the ram block. Providing additional output register may help in improving timing.
INFO: [Synth 8-7052] The timing for the instance ram0/RAM_reg_1_8 (implemented as a Block RAM) might be sub-optimal as no optional output register could be merged into the ram block. Providing additional output register may help in improving timing.
INFO: [Synth 8-7052] The timing for the instance ram0/RAM_reg_1_9 (implemented as a Block RAM) might be sub-optimal as no optional output register could be merged into the ram block. Providing additional output register may help in improving timing.
INFO: [Synth 8-7052] The timing for the instance ram0/RAM_reg_1_9 (implemented as a Block RAM) might be sub-optimal as no optional output register could be merged into the ram block. Providing additional output register may help in improving timing.
INFO: [Synth 8-7052] The timing for the instance ram0/RAM_reg_1_10 (implemented as a Block RAM) might be sub-optimal as no optional output register could be merged into the ram block. Providing additional output register may help in improving timing.
INFO: [Synth 8-7052] The timing for the instance ram0/RAM_reg_1_10 (implemented as a Block RAM) might be sub-optimal as no optional output register could be merged into the ram block. Providing additional output register may help in improving timing.
INFO: [Synth 8-7052] The timing for the instance ram0/RAM_reg_1_11 (implemented as a Block RAM) might be sub-optimal as no optional output register could be merged into the ram block. Providing additional output register may help in improving timing.
INFO: [Synth 8-7052] The timing for the instance ram0/RAM_reg_1_11 (implemented as a Block RAM) might be sub-optimal as no optional output register could be merged into the ram block. Providing additional output register may help in improving timing.
INFO: [Synth 8-7052] The timing for the instance ram0/RAM_reg_1_0__0 (implemented as a Block RAM) might be sub-optimal as no optional output register could be merged into the ram block. Providing additional output register may help in improving timing.
INFO: [Synth 8-7052] The timing for the instance ram0/RAM_reg_1_0__0 (implemented as a Block RAM) might be sub-optimal as no optional output register could be merged into the ram block. Providing additional output register may help in improving timing.
INFO: [Synth 8-7052] The timing for the instance ram0/RAM_reg_1_1__0 (implemented as a Block RAM) might be sub-optimal as no optional output register could be merged into the ram block. Providing additional output register may help in improving timing.
INFO: [Synth 8-7052] The timing for the instance ram0/RAM_reg_1_1__0 (implemented as a Block RAM) might be sub-optimal as no optional output register could be merged into the ram block. Providing additional output register may help in improving timing.
INFO: [Synth 8-7052] The timing for the instance ram0/RAM_reg_1_2__0 (implemented as a Block RAM) might be sub-optimal as no optional output register could be merged into the ram block. Providing additional output register may help in improving timing.
INFO: [Synth 8-7052] The timing for the instance ram0/RAM_reg_1_2__0 (implemented as a Block RAM) might be sub-optimal as no optional output register could be merged into the ram block. Providing additional output register may help in improving timing.
INFO: [Synth 8-7052] The timing for the instance ram0/RAM_reg_1_3__0 (implemented as a Block RAM) might be sub-optimal as no optional output register could be merged into the ram block. Providing additional output register may help in improving timing.
INFO: [Synth 8-7052] The timing for the instance ram0/RAM_reg_1_3__0 (implemented as a Block RAM) might be sub-optimal as no optional output register could be merged into the ram block. Providing additional output register may help in improving timing.
INFO: [Synth 8-7052] The timing for the instance ram0/RAM_reg_1_4__0 (implemented as a Block RAM) might be sub-optimal as no optional output register could be merged into the ram block. Providing additional output register may help in improving timing.
INFO: [Synth 8-7052] The timing for the instance ram0/RAM_reg_1_4__0 (implemented as a Block RAM) might be sub-optimal as no optional output register could be merged into the ram block. Providing additional output register may help in improving timing.
INFO: [Synth 8-7052] The timing for the instance ram0/RAM_reg_1_5__0 (implemented as a Block RAM) might be sub-optimal as no optional output register could be merged into the ram block. Providing additional output register may help in improving timing.
INFO: [Synth 8-7052] The timing for the instance ram0/RAM_reg_1_5__0 (implemented as a Block RAM) might be sub-optimal as no optional output register could be merged into the ram block. Providing additional output register may help in improving timing.
INFO: [Synth 8-7052] The timing for the instance ram0/RAM_reg_1_6__0 (implemented as a Block RAM) might be sub-optimal as no optional output register could be merged into the ram block. Providing additional output register may help in improving timing.
INFO: [Synth 8-7052] The timing for the instance ram0/RAM_reg_1_6__0 (implemented as a Block RAM) might be sub-optimal as no optional output register could be merged into the ram block. Providing additional output register may help in improving timing.
INFO: [Synth 8-7052] The timing for the instance ram0/RAM_reg_1_7__0 (implemented as a Block RAM) might be sub-optimal as no optional output register could be merged into the ram block. Providing additional output register may help in improving timing.
INFO: [Synth 8-7052] The timing for the instance ram0/RAM_reg_1_7__0 (implemented as a Block RAM) might be sub-optimal as no optional output register could be merged into the ram block. Providing additional output register may help in improving timing.
INFO: [Synth 8-7052] The timing for the instance ram0/RAM_reg_1_8__0 (implemented as a Block RAM) might be sub-optimal as no optional output register could be merged into the ram block. Providing additional output register may help in improving timing.
INFO: [Synth 8-7052] The timing for the instance ram0/RAM_reg_1_8__0 (implemented as a Block RAM) might be sub-optimal as no optional output register could be merged into the ram block. Providing additional output register may help in improving timing.
INFO: [Synth 8-7052] The timing for the instance ram0/RAM_reg_1_9__0 (implemented as a Block RAM) might be sub-optimal as no optional output register could be merged into the ram block. Providing additional output register may help in improving timing.
INFO: [Synth 8-7052] The timing for the instance ram0/RAM_reg_1_9__0 (implemented as a Block RAM) might be sub-optimal as no optional output register could be merged into the ram block. Providing additional output register may help in improving timing.
INFO: [Synth 8-7052] The timing for the instance ram0/RAM_reg_1_10__0 (implemented as a Block RAM) might be sub-optimal as no optional output register could be merged into the ram block. Providing additional output register may help in improving timing.
INFO: [Synth 8-7052] The timing for the instance ram0/RAM_reg_1_10__0 (implemented as a Block RAM) might be sub-optimal as no optional output register could be merged into the ram block. Providing additional output register may help in improving timing.
INFO: [Synth 8-7052] The timing for the instance ram0/RAM_reg_1_11__0 (implemented as a Block RAM) might be sub-optimal as no optional output register could be merged into the ram block. Providing additional output register may help in improving timing.
INFO: [Synth 8-7052] The timing for the instance ram0/RAM_reg_1_11__0 (implemented as a Block RAM) might be sub-optimal as no optional output register could be merged into the ram block. Providing additional output register may help in improving timing.
INFO: [Synth 8-7052] The timing for the instance ram3/RAM_reg_0 (implemented as a Block RAM) might be sub-optimal as no optional output register could be merged into the ram block. Providing additional output register may help in improving timing.
INFO: [Synth 8-7052] The timing for the instance ram3/RAM_reg_0 (implemented as a Block RAM) might be sub-optimal as no optional output register could be merged into the ram block. Providing additional output register may help in improving timing.
INFO: [Synth 8-7052] The timing for the instance ram3/RAM_reg_1 (implemented as a Block RAM) might be sub-optimal as no optional output register could be merged into the ram block. Providing additional output register may help in improving timing.
INFO: [Synth 8-7052] The timing for the instance ram3/RAM_reg_1 (implemented as a Block RAM) might be sub-optimal as no optional output register could be merged into the ram block. Providing additional output register may help in improving timing.
INFO: [Synth 8-7052] The timing for the instance ram3/RAM_reg_2 (implemented as a Block RAM) might be sub-optimal as no optional output register could be merged into the ram block. Providing additional output register may help in improving timing.
INFO: [Synth 8-7052] The timing for the instance ram3/RAM_reg_2 (implemented as a Block RAM) might be sub-optimal as no optional output register could be merged into the ram block. Providing additional output register may help in improving timing.
INFO: [Synth 8-7052] The timing for the instance ram1/RAM_reg_0 (implemented as a Block RAM) might be sub-optimal as no optional output register could be merged into the ram block. Providing additional output register may help in improving timing.
INFO: [Synth 8-7052] The timing for the instance ram1/RAM_reg_0 (implemented as a Block RAM) might be sub-optimal as no optional output register could be merged into the ram block. Providing additional output register may help in improving timing.
INFO: [Synth 8-7052] The timing for the instance ram1/RAM_reg_1 (implemented as a Block RAM) might be sub-optimal as no optional output register could be merged into the ram block. Providing additional output register may help in improving timing.
INFO: [Synth 8-7052] The timing for the instance ram1/RAM_reg_1 (implemented as a Block RAM) might be sub-optimal as no optional output register could be merged into the ram block. Providing additional output register may help in improving timing.
INFO: [Synth 8-7052] The timing for the instance ram1/RAM_reg_2 (implemented as a Block RAM) might be sub-optimal as no optional output register could be merged into the ram block. Providing additional output register may help in improving timing.
INFO: [Synth 8-7052] The timing for the instance ram1/RAM_reg_2 (implemented as a Block RAM) might be sub-optimal as no optional output register could be merged into the ram block. Providing additional output register may help in improving timing.
INFO: [Synth 8-7052] The timing for the instance ram1/RAM_reg_3 (implemented as a Block RAM) might be sub-optimal as no optional output register could be merged into the ram block. Providing additional output register may help in improving timing.
INFO: [Synth 8-7052] The timing for the instance ram1/RAM_reg_3 (implemented as a Block RAM) might be sub-optimal as no optional output register could be merged into the ram block. Providing additional output register may help in improving timing.
INFO: [Synth 8-7052] The timing for the instance ram1/RAM_reg_4 (implemented as a Block RAM) might be sub-optimal as no optional output register could be merged into the ram block. Providing additional output register may help in improving timing.
INFO: [Synth 8-7052] The timing for the instance ram1/RAM_reg_4 (implemented as a Block RAM) might be sub-optimal as no optional output register could be merged into the ram block. Providing additional output register may help in improving timing.
INFO: [Synth 8-7052] The timing for the instance ram1/RAM_reg_5 (implemented as a Block RAM) might be sub-optimal as no optional output register could be merged into the ram block. Providing additional output register may help in improving timing.
INFO: [Synth 8-7052] The timing for the instance ram1/RAM_reg_5 (implemented as a Block RAM) might be sub-optimal as no optional output register could be merged into the ram block. Providing additional output register may help in improving timing.
INFO: [Synth 8-7052] The timing for the instance ram2/RAM_reg (implemented as a Block RAM) might be sub-optimal as no optional output register could be merged into the ram block. Providing additional output register may help in improving timing.
---------------------------------------------------------------------------------
Finished Technology Mapping : Time (s): cpu = 00:00:50 ; elapsed = 00:00:50 . Memory (MB): peak = 1579.410 ; gain = 298.672
---------------------------------------------------------------------------------
---------------------------------------------------------------------------------
Start IO Insertion
---------------------------------------------------------------------------------
---------------------------------------------------------------------------------
Start Flattening Before IO Insertion
---------------------------------------------------------------------------------
---------------------------------------------------------------------------------
Finished Flattening Before IO Insertion
---------------------------------------------------------------------------------
---------------------------------------------------------------------------------
Start Final Netlist Cleanup
---------------------------------------------------------------------------------
---------------------------------------------------------------------------------
Finished Final Netlist Cleanup
---------------------------------------------------------------------------------
---------------------------------------------------------------------------------
Finished IO Insertion : Time (s): cpu = 00:00:54 ; elapsed = 00:00:55 . Memory (MB): peak = 1579.410 ; gain = 298.672
---------------------------------------------------------------------------------
---------------------------------------------------------------------------------
Start Renaming Generated Instances
---------------------------------------------------------------------------------
---------------------------------------------------------------------------------
Finished Renaming Generated Instances : Time (s): cpu = 00:00:54 ; elapsed = 00:00:55 . Memory (MB): peak = 1579.410 ; gain = 298.672
---------------------------------------------------------------------------------
---------------------------------------------------------------------------------
Start Rebuilding User Hierarchy
---------------------------------------------------------------------------------
---------------------------------------------------------------------------------
Finished Rebuilding User Hierarchy : Time (s): cpu = 00:00:55 ; elapsed = 00:00:55 . Memory (MB): peak = 1579.410 ; gain = 298.672
---------------------------------------------------------------------------------
---------------------------------------------------------------------------------
Start Renaming Generated Ports
---------------------------------------------------------------------------------
---------------------------------------------------------------------------------
Finished Renaming Generated Ports : Time (s): cpu = 00:00:55 ; elapsed = 00:00:55 . Memory (MB): peak = 1579.410 ; gain = 298.672
---------------------------------------------------------------------------------
---------------------------------------------------------------------------------
Start Handling Custom Attributes
---------------------------------------------------------------------------------
---------------------------------------------------------------------------------
Finished Handling Custom Attributes : Time (s): cpu = 00:00:55 ; elapsed = 00:00:56 . Memory (MB): peak = 1579.410 ; gain = 298.672
---------------------------------------------------------------------------------
---------------------------------------------------------------------------------
Start Renaming Generated Nets
---------------------------------------------------------------------------------
---------------------------------------------------------------------------------
Finished Renaming Generated Nets : Time (s): cpu = 00:00:55 ; elapsed = 00:00:56 . Memory (MB): peak = 1579.410 ; gain = 298.672
---------------------------------------------------------------------------------
---------------------------------------------------------------------------------
Start Writing Synthesis Report
---------------------------------------------------------------------------------

DSP Final Report (the ' indicates corresponding REG is set)
+------------+---------------+--------+--------+--------+--------+--------+------+------+------+------+-------+------+------+
|Module Name | DSP Mapping   | A Size | B Size | C Size | D Size | P Size | AREG | BREG | CREG | DREG | ADREG | MREG | PREG | 
+------------+---------------+--------+--------+--------+--------+--------+------+------+------+------+-------+------+------+
|lab10       | D+A*B         | 30     | 5      | -      | 9      | 0      | 0    | 0    | -    | 0    | 0     | 0    | 0    | 
|lab10       | (PCIN+A:B+C)' | 0      | 17     | -      | -      | 17     | 0    | 0    | -    | -    | -     | 0    | 1    | 
|lab10       | (C+D+A*B)'    | 30     | 6      | 17     | 9      | 17     | 0    | 0    | 0    | 0    | 0     | 0    | 1    | 
|lab10       | D+A*B         | 30     | 5      | -      | 9      | 22     | 0    | 0    | -    | 0    | 0     | 0    | 0    | 
|lab10       | A*B           | 17     | 6      | -      | -      | 23     | 0    | 0    | -    | -    | -     | 0    | 0    | 
|lab10       | (PCIN+A:B+C)' | 0      | 13     | -      | -      | 17     | 0    | 0    | -    | -    | -     | 0    | 1    | 
|lab10       | A*B           | 17     | 5      | -      | -      | 22     | 0    | 0    | -    | -    | -     | 0    | 0    | 
|lab10       | (PCIN+A:B+C)' | 0      | 17     | -      | -      | 17     | 0    | 0    | -    | -    | -     | 0    | 1    | 
|lab10       | (C+D+A*B)'    | 30     | 6      | 17     | 9      | 17     | 0    | 0    | 0    | 0    | 0     | 0    | 1    | 
+------------+---------------+--------+--------+--------+--------+--------+------+------+------+------+-------+------+------+


Report BlackBoxes: 
+-+--------------+----------+
| |BlackBox name |Instances |
+-+--------------+----------+
+-+--------------+----------+

Report Cell Usage: 
+------+---------+------+
|      |Cell     |Count |
+------+---------+------+
|1     |BUFG     |     1|
|2     |CARRY4   |   348|
|3     |DSP48E1  |     9|
|7     |LUT1     |   232|
|8     |LUT2     |   535|
|9     |LUT3     |   164|
|10    |LUT4     |   485|
|11    |LUT5     |   279|
|12    |LUT6     |   520|
|13    |MUXF7    |    12|
|14    |RAMB18E1 |     2|
|16    |RAMB36E1 |    46|
|62    |FDRE     |   850|
|63    |FDSE     |    32|
|64    |IBUF     |    10|
|65    |OBUF     |    18|
+------+---------+------+
---------------------------------------------------------------------------------
Finished Writing Synthesis Report : Time (s): cpu = 00:00:55 ; elapsed = 00:00:56 . Memory (MB): peak = 1579.410 ; gain = 298.672
---------------------------------------------------------------------------------
Synthesis finished with 0 errors, 0 critical warnings and 1 warnings.
Synthesis Optimization Runtime : Time (s): cpu = 00:00:44 ; elapsed = 00:00:54 . Memory (MB): peak = 1579.410 ; gain = 267.992
Synthesis Optimization Complete : Time (s): cpu = 00:00:55 ; elapsed = 00:00:56 . Memory (MB): peak = 1579.410 ; gain = 298.672
INFO: [Project 1-571] Translating synthesized netlist
Netlist sorting complete. Time (s): cpu = 00:00:00 ; elapsed = 00:00:00.056 . Memory (MB): peak = 1583.113 ; gain = 0.000
INFO: [Netlist 29-17] Analyzing 417 Unisim elements for replacement
INFO: [Netlist 29-28] Unisim Transformation completed in 1 CPU seconds
INFO: [Project 1-570] Preparing netlist for logic optimization
INFO: [Opt 31-138] Pushed 0 inverter(s) to 0 load pin(s).
Netlist sorting complete. Time (s): cpu = 00:00:00 ; elapsed = 00:00:00.001 . Memory (MB): peak = 1584.770 ; gain = 0.000
INFO: [Project 1-111] Unisim Transformation Summary:
No Unisim elements were transformed.

Synth Design complete, checksum: 2bc57b6e
INFO: [Common 17-83] Releasing license: Synthesis
123 Infos, 43 Warnings, 0 Critical Warnings and 0 Errors encountered.
synth_design completed successfully
synth_design: Time (s): cpu = 00:01:00 ; elapsed = 00:01:01 . Memory (MB): peak = 1584.770 ; gain = 304.031
INFO: [Common 17-1381] The checkpoint 'C:/Users/Shlab_46/Desktop/project_v8.1111/lab10.runs/synth_1/lab10.dcp' has been generated.
INFO: [runtcl-4] Executing : report_utilization -file lab10_utilization_synth.rpt -pb lab10_utilization_synth.pb
INFO: [Common 17-206] Exiting Vivado at Fri Dec 30 05:16:46 2022...
